<?xml version="1.0" encoding="UTF-8"?>
<robot generator="Robot 7.3.2 (Python 3.11.5 on win32)" generated="2025-10-30T18:32:43.032840" rpa="false" schemaversion="5">
<suite id="s1" name="Test" source="D:\VenkatSai\Python_RobotFramework_Learn\robotLearn1\Automation_1\test.robot">
<test id="s1-t1" name="Google Test Case" line="9">
<kw name="Open Browser" owner="SeleniumLibrary">
<msg time="2025-10-30T18:32:43.284890" level="INFO">Opening browser 'chrome' to base url 'https://mjnvsai.github.io/Database-Management/'.</msg>
<arg>https://mjnvsai.github.io/Database-Management/</arg>
<arg>chrome</arg>
<doc>Opens a new browser instance to the optional ``url``.</doc>
<status status="PASS" start="2025-10-30T18:32:43.284890" elapsed="4.184255"/>
</kw>
<kw name="Maximize Browser Window" owner="SeleniumLibrary">
<doc>Maximizes current browser window.</doc>
<status status="PASS" start="2025-10-30T18:32:47.469145" elapsed="0.045600"/>
</kw>
<kw name="Capture Page Screenshot" owner="SeleniumLibrary">
<msg time="2025-10-30T18:32:47.960373" level="INFO" html="true">&lt;/td&gt;&lt;/tr&gt;&lt;tr&gt;&lt;td colspan="3"&gt;&lt;a href="TestCaseScrenShot_1.png"&gt;&lt;img src="TestCaseScrenShot_1.png" width="800px"&gt;&lt;/a&gt;</msg>
<arg>TestCaseScrenShot_1.png</arg>
<doc>Takes a screenshot of the current page and embeds it into a log file.</doc>
<status status="PASS" start="2025-10-30T18:32:47.514745" elapsed="0.445628"/>
</kw>
<kw name="Sleep" owner="BuiltIn">
<msg time="2025-10-30T18:32:57.971195" level="INFO">Slept 10 seconds.</msg>
<arg>10</arg>
<doc>Pauses the test executed for the given time.</doc>
<status status="PASS" start="2025-10-30T18:32:47.960373" elapsed="10.012831"/>
</kw>
<kw name="Close Browser" owner="SeleniumLibrary">
<doc>Closes the current browser.</doc>
<status status="PASS" start="2025-10-30T18:32:57.975573" elapsed="2.242506"/>
</kw>
<status status="PASS" start="2025-10-30T18:32:43.284890" elapsed="16.935210"/>
</test>
<test id="s1-t2" name="FireFox Test Case" line="16">
<kw name="insidefirefox">
<kw name="Open Browser" owner="SeleniumLibrary">
<msg time="2025-10-30T18:33:00.222122" level="INFO">Opening browser 'firefox' to base url 'https://www.instagram.com/reels/'.</msg>
<arg>${url}</arg>
<arg>${browser}</arg>
<doc>Opens a new browser instance to the optional ``url``.</doc>
<status status="PASS" start="2025-10-30T18:33:00.220100" elapsed="25.993654"/>
</kw>
<kw name="Maximize Browser Window" owner="SeleniumLibrary">
<doc>Maximizes current browser window.</doc>
<status status="PASS" start="2025-10-30T18:33:26.213754" elapsed="0.395921"/>
</kw>
<kw name="Capture Page Screenshot" owner="SeleniumLibrary">
<msg time="2025-10-30T18:33:26.773320" level="INFO" html="true">&lt;/td&gt;&lt;/tr&gt;&lt;tr&gt;&lt;td colspan="3"&gt;&lt;a href="TestCaseScrenShot_2.png"&gt;&lt;img src="TestCaseScrenShot_2.png" width="800px"&gt;&lt;/a&gt;</msg>
<arg>TestCaseScrenShot_2.png</arg>
<doc>Takes a screenshot of the current page and embeds it into a log file.</doc>
<status status="PASS" start="2025-10-30T18:33:26.609675" elapsed="0.163645"/>
</kw>
<kw name="Sleep" owner="BuiltIn">
<msg time="2025-10-30T18:33:36.788191" level="INFO">Slept 10 seconds.</msg>
<arg>10</arg>
<doc>Pauses the test executed for the given time.</doc>
<status status="PASS" start="2025-10-30T18:33:26.773320" elapsed="10.014871"/>
</kw>
<kw name="Close Browser" owner="SeleniumLibrary">
<doc>Closes the current browser.</doc>
<status status="PASS" start="2025-10-30T18:33:36.790207" elapsed="2.943964"/>
</kw>
<status status="PASS" start="2025-10-30T18:33:00.220100" elapsed="39.514071"/>
</kw>
<status status="PASS" start="2025-10-30T18:33:00.220100" elapsed="39.516085"/>
</test>
<status status="PASS" start="2025-10-30T18:32:43.032840" elapsed="56.703345"/>
</suite>
<statistics>
<total>
<stat pass="2" fail="0" skip="0">All Tests</stat>
</total>
<tag>
</tag>
<suite>
<stat name="Test" id="s1" pass="2" fail="0" skip="0">Test</stat>
</suite>
</statistics>
<errors>
</errors>
</robot>
